#
# There is insufficient memory for the Java Runtime Environment to continue.
# Native memory allocation (mmap) failed to map 266338304 bytes for G1 virtual space
# Possible reasons:
#   The system is out of physical RAM or swap space
#   The process is running with CompressedOops enabled, and the Java Heap may be blocking the growth of the native heap
# Possible solutions:
#   Reduce memory load on the system
#   Increase physical memory or swap space
#   Check if swap backing store is full
#   Decrease Java heap size (-Xmx/-Xms)
#   Decrease number of Java threads
#   Decrease Java thread stack sizes (-Xss)
#   Set larger code cache with -XX:ReservedCodeCacheSize=
#   JVM is running with Zero Based Compressed Oops mode in which the Java heap is
#     placed in the first 32GB address space. The Java Heap base address is the
#     maximum limit for the native heap growth. Please use -XX:HeapBaseMinAddress
#     to set the Java Heap base and to place the Java Heap above 32GB virtual address.
# This output file may be truncated or incomplete.
#
#  Out of Memory Error (os_windows.cpp:3466), pid=30416, tid=23536
#
# JRE version:  (16.0.2+7) (build )
# Java VM: Java HotSpot(TM) 64-Bit Server VM (16.0.2+7-67, mixed mode, sharing, tiered, compressed oops, compressed class ptrs, g1 gc, windows-amd64)
# No core dump will be written. Minidumps are not enabled by default on client versions of Windows
#

---------------  S U M M A R Y ------------

Command Line: -Dfile.encoding=Cp1252 -XX:+ShowCodeDetailsInExceptionMessages FMain

Host: Intel(R) Core(TM) i5-10300H CPU @ 2.50GHz, 8 cores, 15G,  Windows 10 , 64 bit Build 22000 (10.0.22000.675)
Time: Sun Jun  5 23:26:39 2022 Pacific Daylight Time elapsed time: 0.007653 seconds (0d 0h 0m 0s)

---------------  T H R E A D  ---------------

Current thread (0x00000178cf5bccd0):  JavaThread "Unknown thread" [_thread_in_vm, id=23536, stack(0x00000077b1700000,0x00000077b1800000)]

Stack: [0x00000077b1700000,0x00000077b1800000]
Native frames: (J=compiled Java code, j=interpreted, Vv=VM code, C=native code)
V  [jvm.dll+0x6681ca]
V  [jvm.dll+0x7c9e69]
V  [jvm.dll+0x7cb61e]
V  [jvm.dll+0x7cbc73]
V  [jvm.dll+0x242c55]
V  [jvm.dll+0x664f89]
V  [jvm.dll+0x659b75]
V  [jvm.dll+0x2fbfbb]
V  [jvm.dll+0x3031b6]
V  [jvm.dll+0x35299e]
V  [jvm.dll+0x352bcf]
V  [jvm.dll+0x2d3028]
V  [jvm.dll+0x2d4264]
V  [jvm.dll+0x79c741]
V  [jvm.dll+0x360791]
V  [jvm.dll+0x77a3f0]
V  [jvm.dll+0x3e4e8f]
V  [jvm.dll+0x3e6961]
C  [jli.dll+0x52fb]
C  [ucrtbase.dll+0x26c0c]
C  [KERNEL32.DLL+0x154e0]
C  [ntdll.dll+0x485b]


---------------  P R O C E S S  ---------------

Threads class SMR info:
_java_thread_list=0x00007ffb9562cbb8, length=0, elements={
}

Java Threads: ( => current thread )

Other Threads:
  0x00000178cf6098f0 GCTaskThread "GC Thread#0" [stack: 0x00000077b1800000,0x00000077b1900000] [id=3348]
  0x00000178cf61bdf0 ConcurrentGCThread "G1 Main Marker" [stack: 0x00000077b1900000,0x00000077b1a00000] [id=35056]
  0x00000178cf61c8e0 ConcurrentGCThread "G1 Conc#0" [stack: 0x00000077b1a00000,0x00000077b1b00000] [id=25536]

[error occurred during error reporting (printing all threads), id 0xc0000005, EXCEPTION_ACCESS_VIOLATION (0xc0000005) at pc=0x00007ffb94e03ee7]

VM state: not at safepoint (not fully initialized)

VM Mutex/Monitor currently owned by a thread:  ([mutex/lock_event])
[0x00000178cf5b9300] Heap_lock - owner thread: 0x00000178cf5bccd0

Heap address: 0x0000000703e00000, size: 4034 MB, Compressed Oops mode: Zero based, Oop shift amount: 3

CDS archive(s) mapped at: [0x0000000000000000-0x0000000000000000-0x0000000000000000), size 0, SharedBaseAddress: 0x0000000800000000, ArchiveRelocationMode: 0.
Narrow klass base: 0x0000000000000000, Narrow klass shift: 0, Narrow klass range: 0x0

GC Precious Log:
<Empty>

Heap:
 garbage-first heap   total 0K, used 0K [0x0000000703e00000, 0x0000000800000000)
  region size 2048K, 0 young (0K), 0 survivors (0K)

[error occurred during error reporting (printing heap information), id 0xc0000005, EXCEPTION_ACCESS_VIOLATION (0xc0000005) at pc=0x00007ffb951e1eed]

GC Heap History (0 events):
No events

Deoptimization events (0 events):
No events

Classes unloaded (0 events):
No events

Classes redefined (0 events):
No events

Internal exceptions (0 events):
No events

Events (1 events):
Event: 0.005 Loaded shared library C:\Program Files\Java\jdk-16.0.2\bin\java.dll


Dynamic libraries:
0x00007ff75e000000 - 0x00007ff75e010000 	C:\Program Files\Java\jdk-16.0.2\bin\javaw.exe
0x00007ffc31ca0000 - 0x00007ffc31ea9000 	C:\WINDOWS\SYSTEM32\ntdll.dll
0x00007ffc30be0000 - 0x00007ffc30c9d000 	C:\WINDOWS\System32\KERNEL32.DLL
0x00007ffc2f190000 - 0x00007ffc2f509000 	C:\WINDOWS\System32\KERNELBASE.dll
0x00007ffc2f6f0000 - 0x00007ffc2f801000 	C:\WINDOWS\System32\ucrtbase.dll
0x00007ffc1e0d0000 - 0x00007ffc1e0e8000 	C:\Program Files\Java\jdk-16.0.2\bin\jli.dll
0x00007ffc1e0a0000 - 0x00007ffc1e0b9000 	C:\Program Files\Java\jdk-16.0.2\bin\VCRUNTIME140.dll
0x00007ffc2fca0000 - 0x00007ffc2fd4e000 	C:\WINDOWS\System32\ADVAPI32.dll
0x00007ffc30330000 - 0x00007ffc303d3000 	C:\WINDOWS\System32\msvcrt.dll
0x00007ffc2ff50000 - 0x00007ffc2ffee000 	C:\WINDOWS\System32\sechost.dll
0x00007ffc30210000 - 0x00007ffc30330000 	C:\WINDOWS\System32\RPCRT4.dll
0x00007ffc31ab0000 - 0x00007ffc31c5c000 	C:\WINDOWS\System32\USER32.dll
0x00007ffc2faa0000 - 0x00007ffc2fac6000 	C:\WINDOWS\System32\win32u.dll
0x00007ffc2fe60000 - 0x00007ffc2fe89000 	C:\WINDOWS\System32\GDI32.dll
0x00007ffc11410000 - 0x00007ffc116b5000 	C:\WINDOWS\WinSxS\amd64_microsoft.windows.common-controls_6595b64144ccf1df_6.0.22000.120_none_9d947278b86cc467\COMCTL32.dll
0x00007ffc2f5d0000 - 0x00007ffc2f6e2000 	C:\WINDOWS\System32\gdi32full.dll
0x00007ffc2fa00000 - 0x00007ffc2fa9d000 	C:\WINDOWS\System32\msvcp_win.dll
0x00007ffc22dc0000 - 0x00007ffc22dca000 	C:\WINDOWS\SYSTEM32\VERSION.dll
0x00007ffc2fea0000 - 0x00007ffc2fed1000 	C:\WINDOWS\System32\IMM32.DLL
0x00007ffc2bc70000 - 0x00007ffc2bc7c000 	C:\Program Files\Java\jdk-16.0.2\bin\vcruntime140_1.dll
0x00007ffbfd110000 - 0x00007ffbfd1a1000 	C:\Program Files\Java\jdk-16.0.2\bin\msvcp140.dll
0x00007ffb94b20000 - 0x00007ffb956cb000 	C:\Program Files\Java\jdk-16.0.2\bin\server\jvm.dll
0x00007ffc31100000 - 0x00007ffc31108000 	C:\WINDOWS\System32\PSAPI.DLL
0x00007ffc2ab80000 - 0x00007ffc2abb3000 	C:\WINDOWS\SYSTEM32\WINMM.dll
0x00007ffc038a0000 - 0x00007ffc038a9000 	C:\WINDOWS\SYSTEM32\WSOCK32.dll
0x00007ffc30ca0000 - 0x00007ffc30d0f000 	C:\WINDOWS\System32\WS2_32.dll
0x00007ffc2e290000 - 0x00007ffc2e2a8000 	C:\WINDOWS\SYSTEM32\kernel.appcore.dll
0x00007ffc1e180000 - 0x00007ffc1e18a000 	C:\Program Files\Java\jdk-16.0.2\bin\jimage.dll
0x00007ffc2cc40000 - 0x00007ffc2ce61000 	C:\WINDOWS\SYSTEM32\DBGHELP.DLL
0x00007ffc2ab40000 - 0x00007ffc2ab71000 	C:\WINDOWS\SYSTEM32\dbgcore.DLL
0x00007ffc2f980000 - 0x00007ffc2f9ff000 	C:\WINDOWS\System32\bcryptPrimitives.dll
0x00007ffc1cd20000 - 0x00007ffc1cd45000 	C:\Program Files\Java\jdk-16.0.2\bin\java.dll

dbghelp: loaded successfully - version: 4.0.5 - missing functions: none
symbol engine: initialized successfully - sym options: 0x614 - pdb path: .;C:\Program Files\Java\jdk-16.0.2\bin;C:\WINDOWS\SYSTEM32;C:\WINDOWS\WinSxS\amd64_microsoft.windows.common-controls_6595b64144ccf1df_6.0.22000.120_none_9d947278b86cc467;C:\Program Files\Java\jdk-16.0.2\bin\server

VM Arguments:
jvm_args: -Dfile.encoding=Cp1252 -XX:+ShowCodeDetailsInExceptionMessages 
java_command: FMain
java_class_path (initial): C:\Users\chris\eclipse-workspace\SycuanHotel\bin;C:\Users\chris\OneDrive\Documents\mysql-connector-java-8.0.29\mysql-connector-java-8.0.29\mysql-connector-java-8.0.29.jar
Launcher Type: SUN_STANDARD

[Global flags]
     intx CICompilerCount                          = 4                                         {product} {ergonomic}
     uint ConcGCThreads                            = 2                                         {product} {ergonomic}
     uint G1ConcRefinementThreads                  = 8                                         {product} {ergonomic}
   size_t G1HeapRegionSize                         = 2097152                                   {product} {ergonomic}
    uintx GCDrainStackTargetSize                   = 64                                        {product} {ergonomic}
   size_t InitialHeapSize                          = 266338304                                 {product} {ergonomic}
   size_t MarkStackSize                            = 4194304                                   {product} {ergonomic}
   size_t MaxHeapSize                              = 4229955584                                {product} {ergonomic}
   size_t MinHeapDeltaBytes                        = 2097152                                   {product} {ergonomic}
   size_t MinHeapSize                              = 8388608                                   {product} {ergonomic}
    uintx NonNMethodCodeHeapSize                   = 5839372                                {pd product} {ergonomic}
    uintx NonProfiledCodeHeapSize                  = 122909434                              {pd product} {ergonomic}
    uintx ProfiledCodeHeapSize                     = 122909434                              {pd product} {ergonomic}
    uintx ReservedCodeCacheSize                    = 251658240                              {pd product} {ergonomic}
     bool SegmentedCodeCache                       = true                                      {product} {ergonomic}
     bool ShowCodeDetailsInExceptionMessages       = true                                   {manageable} {command line}
   size_t SoftMaxHeapSize                          = 4229955584                             {manageable} {ergonomic}
     bool UseCompressedClassPointers               = true                           {product lp64_product} {ergonomic}
     bool UseCompressedOops                        = true                           {product lp64_product} {ergonomic}
     bool UseG1GC                                  = true                                      {product} {ergonomic}
     bool UseLargePagesIndividualAllocation        = false                                  {pd product} {ergonomic}

Logging:
Log output configuration:
 #0: stdout all=warning uptime,level,tags
 #1: stderr all=off uptime,level,tags

Environment Variables:
PATH=C:\Program Files\Common Files\Oracle\Java\javapath;C:\WINDOWS\system32;C:\WINDOWS;C:\WINDOWS\System32\Wbem;C:\WINDOWS\System32\WindowsPowerShell\v1.0\;C:\WINDOWS\System32\OpenSSH\;C:\Program Files\dotnet\;C:\Program Files\MySQL\MySQL Shell 8.0\bin\;C:\Users\chris\AppData\Local\Microsoft\WindowsApps;C:\Users\chris\.dotnet\tools;;C:\Users\chris\AppData\Local\Programs\Microsoft VS Code\bin
USERNAME=chris
OS=Windows_NT
PROCESSOR_IDENTIFIER=Intel64 Family 6 Model 165 Stepping 2, GenuineIntel



---------------  S Y S T E M  ---------------

OS:
 Windows 10 , 64 bit Build 22000 (10.0.22000.675)
OS uptime: 12 days 6:17 hours

CPU: total 8 (initial active 8) (4 cores per cpu, 2 threads per core) family 6 model 165 stepping 2 microcode 0xea, cx8, cmov, fxsr, ht, mmx, 3dnowpref, sse, sse2, sse3, ssse3, sse4.1, sse4.2, popcnt, lzcnt, tsc, tscinvbit, avx, avx2, aes, erms, clmul, bmi1, bmi2, adx, fma, vzeroupper, clflush, clflushopt

Memory: 4k page, system-wide physical 16129M (5533M free)
TotalPageFile size 44541M (AvailPageFile size 99M)
current process WorkingSet (physical memory assigned to process): 10M, peak: 10M
current process commit charge ("private bytes"): 60M, peak: 314M

vm_info: Java HotSpot(TM) 64-Bit Server VM (16.0.2+7-67) for windows-amd64 JRE (16.0.2+7-67), built on Jun  8 2021 23:24:19 by "mach5one" with MS VC++ 16.7 (VS2019)

END.
